2026-01-31 18:39:17,301 INFO:__main__:
================================================================================
2026-01-31 18:39:17,302 INFO:__main__:ETL PIPELINE STARTED: 2026-01-31T18:39:17.301720
2026-01-31 18:39:17,302 INFO:__main__:================================================================================

2026-01-31 18:39:17,302 INFO:__main__:Found 4 CSV file(s) to process:
2026-01-31 18:39:17,303 INFO:__main__:  - car_prices.csv
2026-01-31 18:39:17,303 INFO:__main__:  - cars.csv
2026-01-31 18:39:17,303 INFO:__main__:  - dealers.csv
2026-01-31 18:39:17,303 INFO:__main__:  - sales.csv
2026-01-31 18:39:17,303 INFO:__main__:
============================================================
2026-01-31 18:39:17,303 INFO:__main__:Processing: car_prices.csv
2026-01-31 18:39:17,303 INFO:__main__:============================================================
2026-01-31 18:39:17,303 INFO:__main__:[Attempt 1/3] Extracting...
2026-01-31 18:39:17,303 INFO:src.extract.extract_data:======================================================================
2026-01-31 18:39:17,303 INFO:src.extract.extract_data:EXTRACTING: car_prices.csv
2026-01-31 18:39:17,303 INFO:src.extract.extract_data:======================================================================
2026-01-31 18:39:17,303 INFO:src.extract.extract_data:File size: 83.97 MB
2026-01-31 18:39:17,304 INFO:src.extract.extract_data:Loading file into memory...
2026-01-31 18:39:19,607 INFO:src.extract.extract_data:
╔════════════════════════════════════════╗
║      EXTRACTION STATISTICS             ║
╠════════════════════════════════════════╣
║ File size:           83.97 MB    ║
║ Rows extracted:    558,837       ║
║ Columns:                16       ║
║ Encoding:            utf-8     ║
║ Duration:             2.30s     ║
║ Warnings:                0       ║
╚════════════════════════════════════════╝
2026-01-31 18:39:19,608 INFO:src.extract.extract_data:✓ Extraction successful in 2.30s
2026-01-31 18:39:19,608 INFO:__main__:Transforming...
2026-01-31 18:39:19,608 INFO:src.transform.transform_data:======================================================================
2026-01-31 18:39:19,608 INFO:src.transform.transform_data:TRANSFORMING DATA
2026-01-31 18:39:19,608 INFO:src.transform.transform_data:======================================================================
2026-01-31 18:39:19,609 INFO:src.transform.transform_data:✓ Normalized 16 column names
2026-01-31 18:39:22,142 INFO:src.transform.transform_data:
╔════════════════════════════════════════╗
║     TRANSFORMATION STATISTICS          ║
╠════════════════════════════════════════╣
║ Rows:      558,837 → 558,837   ║
║ Cols:      16 → 16        ║
║ Duplicates removed:          0   ║
║ Rows dropped:                0   ║
║ Type conversions:            0   ║
║ Duration:                  2.53s  ║
╚════════════════════════════════════════╝
2026-01-31 18:39:22,142 INFO:src.transform.transform_data:✓ Transformation complete in 2.53s

2026-01-31 18:39:22,142 INFO:__main__:Saving to data/processed/car_prices.csv...
2026-01-31 18:39:22,145 ERROR:__main__:✗ car_prices.csv: Unexpected error: [Errno 13] Permission denied: 'data/processed/car_prices.csv'
2026-01-31 18:39:22,190 INFO:__main__:
============================================================
2026-01-31 18:39:22,190 INFO:__main__:Processing: cars.csv
2026-01-31 18:39:22,190 INFO:__main__:============================================================
2026-01-31 18:39:22,190 INFO:__main__:[Attempt 1/3] Extracting...
2026-01-31 18:39:22,190 INFO:src.extract.extract_data:======================================================================
2026-01-31 18:39:22,191 INFO:src.extract.extract_data:EXTRACTING: cars.csv
2026-01-31 18:39:22,191 INFO:src.extract.extract_data:======================================================================
2026-01-31 18:39:22,191 INFO:src.extract.extract_data:File size: 40.27 MB
2026-01-31 18:39:22,191 INFO:src.extract.extract_data:Loading file into memory...
2026-01-31 18:39:23,718 INFO:src.extract.extract_data:
╔════════════════════════════════════════╗
║      EXTRACTION STATISTICS             ║
╠════════════════════════════════════════╣
║ File size:           40.27 MB    ║
║ Rows extracted:    554,641       ║
║ Columns:                10       ║
║ Encoding:            utf-8     ║
║ Duration:             1.53s     ║
║ Warnings:                0       ║
╚════════════════════════════════════════╝
2026-01-31 18:39:23,719 INFO:src.extract.extract_data:✓ Extraction successful in 1.53s
2026-01-31 18:39:23,719 INFO:__main__:Transforming...
2026-01-31 18:39:23,719 INFO:src.transform.transform_data:======================================================================
2026-01-31 18:39:23,719 INFO:src.transform.transform_data:TRANSFORMING DATA
2026-01-31 18:39:23,719 INFO:src.transform.transform_data:======================================================================
2026-01-31 18:39:23,720 INFO:src.transform.transform_data:✓ Normalized 10 column names
2026-01-31 18:39:25,229 INFO:src.transform.transform_data:
╔════════════════════════════════════════╗
║     TRANSFORMATION STATISTICS          ║
╠════════════════════════════════════════╣
║ Rows:      554,641 → 554,641   ║
║ Cols:      10 → 10        ║
║ Duplicates removed:          0   ║
║ Rows dropped:                0   ║
║ Type conversions:            0   ║
║ Duration:                  1.51s  ║
╚════════════════════════════════════════╝
2026-01-31 18:39:25,230 INFO:src.transform.transform_data:✓ Transformation complete in 1.51s

2026-01-31 18:39:25,230 INFO:__main__:Saving to data/processed/cars.csv...
2026-01-31 18:39:25,232 ERROR:__main__:✗ cars.csv: Unexpected error: [Errno 13] Permission denied: 'data/processed/cars.csv'
2026-01-31 18:39:25,295 INFO:__main__:
============================================================
2026-01-31 18:39:25,296 INFO:__main__:Processing: dealers.csv
2026-01-31 18:39:25,296 INFO:__main__:============================================================
2026-01-31 18:39:25,296 INFO:__main__:[Attempt 1/3] Extracting...
2026-01-31 18:39:25,296 INFO:src.extract.extract_data:======================================================================
2026-01-31 18:39:25,296 INFO:src.extract.extract_data:EXTRACTING: dealers.csv
2026-01-31 18:39:25,297 INFO:src.extract.extract_data:======================================================================
2026-01-31 18:39:25,297 INFO:src.extract.extract_data:File size: 0.39 MB
2026-01-31 18:39:25,297 INFO:src.extract.extract_data:Loading file into memory...
2026-01-31 18:39:25,328 INFO:src.extract.extract_data:
╔════════════════════════════════════════╗
║      EXTRACTION STATISTICS             ║
╠════════════════════════════════════════╣
║ File size:            0.39 MB    ║
║ Rows extracted:     14,263       ║
║ Columns:                 2       ║
║ Encoding:            utf-8     ║
║ Duration:             0.03s     ║
║ Warnings:                0       ║
╚════════════════════════════════════════╝
2026-01-31 18:39:25,329 INFO:src.extract.extract_data:✓ Extraction successful in 0.03s
2026-01-31 18:39:25,329 INFO:__main__:Transforming...
2026-01-31 18:39:25,329 INFO:src.transform.transform_data:======================================================================
2026-01-31 18:39:25,330 INFO:src.transform.transform_data:TRANSFORMING DATA
2026-01-31 18:39:25,330 INFO:src.transform.transform_data:======================================================================
2026-01-31 18:39:25,331 INFO:src.transform.transform_data:✓ Normalized 2 column names
2026-01-31 18:39:25,367 INFO:src.transform.transform_data:
╔════════════════════════════════════════╗
║     TRANSFORMATION STATISTICS          ║
╠════════════════════════════════════════╣
║ Rows:      14,263 → 14,263   ║
║ Cols:      2 → 2        ║
║ Duplicates removed:          0   ║
║ Rows dropped:                0   ║
║ Type conversions:            0   ║
║ Duration:                  0.04s  ║
╚════════════════════════════════════════╝
2026-01-31 18:39:25,369 INFO:src.transform.transform_data:✓ Transformation complete in 0.04s

2026-01-31 18:39:25,370 INFO:__main__:Saving to data/processed/dealers.csv...
2026-01-31 18:39:25,373 ERROR:__main__:✗ dealers.csv: Unexpected error: [Errno 13] Permission denied: 'data/processed/dealers.csv'
2026-01-31 18:39:25,376 INFO:__main__:
============================================================
2026-01-31 18:39:25,377 INFO:__main__:Processing: sales.csv
2026-01-31 18:39:25,378 INFO:__main__:============================================================
2026-01-31 18:39:25,378 INFO:__main__:[Attempt 1/3] Extracting...
2026-01-31 18:39:25,378 INFO:src.extract.extract_data:======================================================================
2026-01-31 18:39:25,379 INFO:src.extract.extract_data:EXTRACTING: sales.csv
2026-01-31 18:39:25,379 INFO:src.extract.extract_data:======================================================================
2026-01-31 18:39:25,379 INFO:src.extract.extract_data:File size: 39.88 MB
2026-01-31 18:39:25,379 INFO:src.extract.extract_data:Loading file into memory...
2026-01-31 18:39:26,216 INFO:src.extract.extract_data:
╔════════════════════════════════════════╗
║      EXTRACTION STATISTICS             ║
╠════════════════════════════════════════╣
║ File size:           39.88 MB    ║
║ Rows extracted:    558,837       ║
║ Columns:                 9       ║
║ Encoding:            utf-8     ║
║ Duration:             0.84s     ║
║ Warnings:                0       ║
╚════════════════════════════════════════╝
2026-01-31 18:39:26,217 INFO:src.extract.extract_data:✓ Extraction successful in 0.84s
2026-01-31 18:39:26,217 INFO:__main__:Transforming...
2026-01-31 18:39:26,217 INFO:src.transform.transform_data:======================================================================
2026-01-31 18:39:26,217 INFO:src.transform.transform_data:TRANSFORMING DATA
2026-01-31 18:39:26,217 INFO:src.transform.transform_data:======================================================================
2026-01-31 18:39:26,218 INFO:src.transform.transform_data:✓ Normalized 9 column names
2026-01-31 18:39:26,858 INFO:src.transform.transform_data:
╔════════════════════════════════════════╗
║     TRANSFORMATION STATISTICS          ║
╠════════════════════════════════════════╣
║ Rows:      558,837 → 558,837   ║
║ Cols:      9 → 9        ║
║ Duplicates removed:          0   ║
║ Rows dropped:                0   ║
║ Type conversions:            0   ║
║ Duration:                  0.64s  ║
╚════════════════════════════════════════╝
2026-01-31 18:39:26,859 INFO:src.transform.transform_data:✓ Transformation complete in 0.64s

2026-01-31 18:39:26,859 INFO:__main__:Saving to data/processed/sales.csv...
2026-01-31 18:39:26,860 ERROR:__main__:✗ sales.csv: Unexpected error: [Errno 13] Permission denied: 'data/processed/sales.csv'
2026-01-31 18:39:26,867 INFO:__main__:================================================================================
2026-01-31 18:39:26,868 INFO:__main__:PIPELINE EXECUTION STATISTICS
2026-01-31 18:39:26,868 INFO:__main__:Files processed: 0
2026-01-31 18:39:26,868 INFO:__main__:Files failed: 4
2026-01-31 18:39:26,868 INFO:__main__:Total rows extracted: 1686578
2026-01-31 18:39:26,868 INFO:__main__:Total rows transformed: 1686578
2026-01-31 18:39:26,868 INFO:__main__:Total rows loaded: 0
2026-01-31 18:39:26,868 WARNING:__main__:
Encountered 4 errors:
2026-01-31 18:39:26,868 WARNING:__main__:  - car_prices.csv: Unexpected error: [Errno 13] Permission denied: 'data/processed/car_prices.csv'
2026-01-31 18:39:26,868 WARNING:__main__:  - cars.csv: Unexpected error: [Errno 13] Permission denied: 'data/processed/cars.csv'
2026-01-31 18:39:26,869 WARNING:__main__:  - dealers.csv: Unexpected error: [Errno 13] Permission denied: 'data/processed/dealers.csv'
2026-01-31 18:39:26,869 WARNING:__main__:  - sales.csv: Unexpected error: [Errno 13] Permission denied: 'data/processed/sales.csv'
2026-01-31 18:39:26,869 INFO:__main__:================================================================================
2026-01-31 18:39:26,869 INFO:__main__:ETL PIPELINE COMPLETED in 9.6s
2026-01-31 18:39:26,869 INFO:__main__:================================================================================

2026-01-31 18:40:15,991 INFO:__main__:
================================================================================
2026-01-31 18:40:15,991 INFO:__main__:ETL PIPELINE STARTED: 2026-01-31T18:40:15.991405
2026-01-31 18:40:15,991 INFO:__main__:================================================================================

2026-01-31 18:40:15,992 INFO:__main__:Found 4 CSV file(s) to process:
2026-01-31 18:40:15,992 INFO:__main__:  - car_prices.csv
2026-01-31 18:40:15,992 INFO:__main__:  - cars.csv
2026-01-31 18:40:15,992 INFO:__main__:  - dealers.csv
2026-01-31 18:40:15,992 INFO:__main__:  - sales.csv
2026-01-31 18:40:15,992 INFO:__main__:
============================================================
2026-01-31 18:40:15,993 INFO:__main__:Processing: car_prices.csv
2026-01-31 18:40:15,993 INFO:__main__:============================================================
2026-01-31 18:40:15,993 INFO:__main__:[Attempt 1/3] Extracting...
2026-01-31 18:40:15,993 INFO:src.extract.extract_data:======================================================================
2026-01-31 18:40:15,993 INFO:src.extract.extract_data:EXTRACTING: car_prices.csv
2026-01-31 18:40:15,993 INFO:src.extract.extract_data:======================================================================
2026-01-31 18:40:15,993 INFO:src.extract.extract_data:File size: 83.97 MB
2026-01-31 18:40:15,993 INFO:src.extract.extract_data:Loading file into memory...
2026-01-31 18:40:18,274 INFO:src.extract.extract_data:
╔════════════════════════════════════════╗
║      EXTRACTION STATISTICS             ║
╠════════════════════════════════════════╣
║ File size:           83.97 MB    ║
║ Rows extracted:    558,837       ║
║ Columns:                16       ║
║ Encoding:            utf-8     ║
║ Duration:             2.28s     ║
║ Warnings:                0       ║
╚════════════════════════════════════════╝
2026-01-31 18:40:18,274 INFO:src.extract.extract_data:✓ Extraction successful in 2.28s
2026-01-31 18:40:18,274 INFO:__main__:Transforming...
2026-01-31 18:40:18,274 INFO:src.transform.transform_data:======================================================================
2026-01-31 18:40:18,274 INFO:src.transform.transform_data:TRANSFORMING DATA
2026-01-31 18:40:18,274 INFO:src.transform.transform_data:======================================================================
2026-01-31 18:40:18,275 INFO:src.transform.transform_data:✓ Normalized 16 column names
2026-01-31 18:40:20,833 INFO:src.transform.transform_data:
╔════════════════════════════════════════╗
║     TRANSFORMATION STATISTICS          ║
╠════════════════════════════════════════╣
║ Rows:      558,837 → 558,837   ║
║ Cols:      16 → 16        ║
║ Duplicates removed:          0   ║
║ Rows dropped:                0   ║
║ Type conversions:            0   ║
║ Duration:                  2.56s  ║
╚════════════════════════════════════════╝
2026-01-31 18:40:20,833 INFO:src.transform.transform_data:✓ Transformation complete in 2.56s

2026-01-31 18:40:20,841 INFO:__main__:Saving to data/processed/car_prices.csv...
2026-01-31 18:40:26,794 INFO:__main__:Saved 558837 rows
2026-01-31 18:40:26,795 INFO:__main__:✓ car_prices.csv processed successfully
2026-01-31 18:40:26,840 INFO:__main__:
============================================================
2026-01-31 18:40:26,840 INFO:__main__:Processing: cars.csv
2026-01-31 18:40:26,840 INFO:__main__:============================================================
2026-01-31 18:40:26,840 INFO:__main__:[Attempt 1/3] Extracting...
2026-01-31 18:40:26,840 INFO:src.extract.extract_data:======================================================================
2026-01-31 18:40:26,840 INFO:src.extract.extract_data:EXTRACTING: cars.csv
2026-01-31 18:40:26,840 INFO:src.extract.extract_data:======================================================================
2026-01-31 18:40:26,841 INFO:src.extract.extract_data:File size: 40.27 MB
2026-01-31 18:40:26,841 INFO:src.extract.extract_data:Loading file into memory...
2026-01-31 18:40:28,314 INFO:src.extract.extract_data:
╔════════════════════════════════════════╗
║      EXTRACTION STATISTICS             ║
╠════════════════════════════════════════╣
║ File size:           40.27 MB    ║
║ Rows extracted:    554,641       ║
║ Columns:                10       ║
║ Encoding:            utf-8     ║
║ Duration:             1.47s     ║
║ Warnings:                0       ║
╚════════════════════════════════════════╝
2026-01-31 18:40:28,314 INFO:src.extract.extract_data:✓ Extraction successful in 1.47s
2026-01-31 18:40:28,315 INFO:__main__:Transforming...
2026-01-31 18:40:28,315 INFO:src.transform.transform_data:======================================================================
2026-01-31 18:40:28,315 INFO:src.transform.transform_data:TRANSFORMING DATA
2026-01-31 18:40:28,315 INFO:src.transform.transform_data:======================================================================
2026-01-31 18:40:28,316 INFO:src.transform.transform_data:✓ Normalized 10 column names
2026-01-31 18:40:29,795 INFO:src.transform.transform_data:
╔════════════════════════════════════════╗
║     TRANSFORMATION STATISTICS          ║
╠════════════════════════════════════════╣
║ Rows:      554,641 → 554,641   ║
║ Cols:      10 → 10        ║
║ Duplicates removed:          0   ║
║ Rows dropped:                0   ║
║ Type conversions:            0   ║
║ Duration:                  1.48s  ║
╚════════════════════════════════════════╝
2026-01-31 18:40:29,796 INFO:src.transform.transform_data:✓ Transformation complete in 1.48s

2026-01-31 18:40:29,796 INFO:__main__:Saving to data/processed/cars.csv...
2026-01-31 18:40:32,154 INFO:__main__:Saved 554641 rows
2026-01-31 18:40:32,155 INFO:__main__:✓ cars.csv processed successfully
2026-01-31 18:40:32,190 INFO:__main__:
============================================================
2026-01-31 18:40:32,190 INFO:__main__:Processing: dealers.csv
2026-01-31 18:40:32,190 INFO:__main__:============================================================
2026-01-31 18:40:32,190 INFO:__main__:[Attempt 1/3] Extracting...
2026-01-31 18:40:32,190 INFO:src.extract.extract_data:======================================================================
2026-01-31 18:40:32,190 INFO:src.extract.extract_data:EXTRACTING: dealers.csv
2026-01-31 18:40:32,190 INFO:src.extract.extract_data:======================================================================
2026-01-31 18:40:32,191 INFO:src.extract.extract_data:File size: 0.39 MB
2026-01-31 18:40:32,191 INFO:src.extract.extract_data:Loading file into memory...
2026-01-31 18:40:32,201 INFO:src.extract.extract_data:
╔════════════════════════════════════════╗
║      EXTRACTION STATISTICS             ║
╠════════════════════════════════════════╣
║ File size:            0.39 MB    ║
║ Rows extracted:     14,263       ║
║ Columns:                 2       ║
║ Encoding:            utf-8     ║
║ Duration:             0.01s     ║
║ Warnings:                0       ║
╚════════════════════════════════════════╝
2026-01-31 18:40:32,202 INFO:src.extract.extract_data:✓ Extraction successful in 0.01s
2026-01-31 18:40:32,202 INFO:__main__:Transforming...
2026-01-31 18:40:32,202 INFO:src.transform.transform_data:======================================================================
2026-01-31 18:40:32,202 INFO:src.transform.transform_data:TRANSFORMING DATA
2026-01-31 18:40:32,202 INFO:src.transform.transform_data:======================================================================
2026-01-31 18:40:32,202 INFO:src.transform.transform_data:✓ Normalized 2 column names
2026-01-31 18:40:32,212 INFO:src.transform.transform_data:
╔════════════════════════════════════════╗
║     TRANSFORMATION STATISTICS          ║
╠════════════════════════════════════════╣
║ Rows:      14,263 → 14,263   ║
║ Cols:      2 → 2        ║
║ Duplicates removed:          0   ║
║ Rows dropped:                0   ║
║ Type conversions:            0   ║
║ Duration:                  0.01s  ║
╚════════════════════════════════════════╝
2026-01-31 18:40:32,212 INFO:src.transform.transform_data:✓ Transformation complete in 0.01s

2026-01-31 18:40:32,213 INFO:__main__:Saving to data/processed/dealers.csv...
2026-01-31 18:40:32,229 INFO:__main__:Saved 14263 rows
2026-01-31 18:40:32,230 INFO:__main__:✓ dealers.csv processed successfully
2026-01-31 18:40:32,230 INFO:__main__:
============================================================
2026-01-31 18:40:32,230 INFO:__main__:Processing: sales.csv
2026-01-31 18:40:32,230 INFO:__main__:============================================================
2026-01-31 18:40:32,230 INFO:__main__:[Attempt 1/3] Extracting...
2026-01-31 18:40:32,230 INFO:src.extract.extract_data:======================================================================
2026-01-31 18:40:32,230 INFO:src.extract.extract_data:EXTRACTING: sales.csv
2026-01-31 18:40:32,230 INFO:src.extract.extract_data:======================================================================
2026-01-31 18:40:32,231 INFO:src.extract.extract_data:File size: 39.88 MB
2026-01-31 18:40:32,231 INFO:src.extract.extract_data:Loading file into memory...
2026-01-31 18:40:32,854 INFO:src.extract.extract_data:
╔════════════════════════════════════════╗
║      EXTRACTION STATISTICS             ║
╠════════════════════════════════════════╣
║ File size:           39.88 MB    ║
║ Rows extracted:    558,837       ║
║ Columns:                 9       ║
║ Encoding:            utf-8     ║
║ Duration:             0.62s     ║
║ Warnings:                0       ║
╚════════════════════════════════════════╝
2026-01-31 18:40:32,854 INFO:src.extract.extract_data:✓ Extraction successful in 0.62s
2026-01-31 18:40:32,854 INFO:__main__:Transforming...
2026-01-31 18:40:32,854 INFO:src.transform.transform_data:======================================================================
2026-01-31 18:40:32,854 INFO:src.transform.transform_data:TRANSFORMING DATA
2026-01-31 18:40:32,854 INFO:src.transform.transform_data:======================================================================
2026-01-31 18:40:32,855 INFO:src.transform.transform_data:✓ Normalized 9 column names
2026-01-31 18:40:33,682 INFO:src.transform.transform_data:
╔════════════════════════════════════════╗
║     TRANSFORMATION STATISTICS          ║
╠════════════════════════════════════════╣
║ Rows:      558,837 → 558,837   ║
║ Cols:      9 → 9        ║
║ Duplicates removed:          0   ║
║ Rows dropped:                0   ║
║ Type conversions:            0   ║
║ Duration:                  0.83s  ║
╚════════════════════════════════════════╝
2026-01-31 18:40:33,683 INFO:src.transform.transform_data:✓ Transformation complete in 0.83s

2026-01-31 18:40:33,683 INFO:__main__:Saving to data/processed/sales.csv...
2026-01-31 18:40:38,073 INFO:__main__:Saved 558837 rows
2026-01-31 18:40:38,074 INFO:__main__:✓ sales.csv processed successfully
2026-01-31 18:40:38,083 INFO:__main__:================================================================================
2026-01-31 18:40:38,083 INFO:__main__:PIPELINE EXECUTION STATISTICS
2026-01-31 18:40:38,083 INFO:__main__:Files processed: 4
2026-01-31 18:40:38,084 INFO:__main__:Files failed: 0
2026-01-31 18:40:38,084 INFO:__main__:Total rows extracted: 1686578
2026-01-31 18:40:38,084 INFO:__main__:Total rows transformed: 1686578
2026-01-31 18:40:38,084 INFO:__main__:Total rows loaded: 0
2026-01-31 18:40:38,084 INFO:__main__:================================================================================
2026-01-31 18:40:38,084 INFO:__main__:ETL PIPELINE COMPLETED in 22.1s
2026-01-31 18:40:38,084 INFO:__main__:================================================================================

2026-01-31 18:42:52,795 INFO:__main__:
================================================================================
2026-01-31 18:42:52,795 INFO:__main__:ETL PIPELINE STARTED: 2026-01-31T18:42:52.795342
2026-01-31 18:42:52,795 INFO:__main__:================================================================================

2026-01-31 18:42:52,796 INFO:__main__:Found 4 CSV file(s) to process:
2026-01-31 18:42:52,796 INFO:__main__:  - car_prices.csv
2026-01-31 18:42:52,796 INFO:__main__:  - cars.csv
2026-01-31 18:42:52,796 INFO:__main__:  - dealers.csv
2026-01-31 18:42:52,796 INFO:__main__:  - sales.csv
2026-01-31 18:42:52,796 INFO:__main__:
============================================================
2026-01-31 18:42:52,797 INFO:__main__:Processing: car_prices.csv
2026-01-31 18:42:52,797 INFO:__main__:============================================================
2026-01-31 18:42:52,797 INFO:__main__:[Attempt 1/3] Extracting...
2026-01-31 18:42:52,797 INFO:src.extract.extract_data:======================================================================
2026-01-31 18:42:52,797 INFO:src.extract.extract_data:EXTRACTING: car_prices.csv
2026-01-31 18:42:52,797 INFO:src.extract.extract_data:======================================================================
2026-01-31 18:42:52,797 INFO:src.extract.extract_data:File size: 83.97 MB
2026-01-31 18:42:52,797 INFO:src.extract.extract_data:Loading file into memory...
2026-01-31 18:42:55,206 INFO:src.extract.extract_data:
╔════════════════════════════════════════╗
║      EXTRACTION STATISTICS             ║
╠════════════════════════════════════════╣
║ File size:           83.97 MB    ║
║ Rows extracted:    558,837       ║
║ Columns:                16       ║
║ Encoding:            utf-8     ║
║ Duration:             2.41s     ║
║ Warnings:                0       ║
╚════════════════════════════════════════╝
2026-01-31 18:42:55,206 INFO:src.extract.extract_data:✓ Extraction successful in 2.41s
2026-01-31 18:42:55,207 INFO:__main__:Transforming...
2026-01-31 18:42:55,207 INFO:src.transform.transform_data:======================================================================
2026-01-31 18:42:55,207 INFO:src.transform.transform_data:TRANSFORMING DATA
2026-01-31 18:42:55,207 INFO:src.transform.transform_data:======================================================================
2026-01-31 18:42:55,208 INFO:src.transform.transform_data:✓ Normalized 16 column names
2026-01-31 18:42:57,925 INFO:src.transform.transform_data:
╔════════════════════════════════════════╗
║     TRANSFORMATION STATISTICS          ║
╠════════════════════════════════════════╣
║ Rows:      558,837 → 558,837   ║
║ Cols:      16 → 16        ║
║ Duplicates removed:          0   ║
║ Rows dropped:                0   ║
║ Type conversions:            0   ║
║ Duration:                  2.72s  ║
╚════════════════════════════════════════╝
2026-01-31 18:42:57,925 INFO:src.transform.transform_data:✓ Transformation complete in 2.72s

2026-01-31 18:42:57,925 INFO:__main__:Saving to data/processed/car_prices.csv...
2026-01-31 18:43:04,119 INFO:__main__:Saved 558837 rows
2026-01-31 18:43:04,119 INFO:__main__:✓ car_prices.csv processed successfully
2026-01-31 18:43:04,179 INFO:__main__:
============================================================
2026-01-31 18:43:04,179 INFO:__main__:Processing: cars.csv
2026-01-31 18:43:04,179 INFO:__main__:============================================================
2026-01-31 18:43:04,179 INFO:__main__:[Attempt 1/3] Extracting...
2026-01-31 18:43:04,179 INFO:src.extract.extract_data:======================================================================
2026-01-31 18:43:04,179 INFO:src.extract.extract_data:EXTRACTING: cars.csv
2026-01-31 18:43:04,179 INFO:src.extract.extract_data:======================================================================
2026-01-31 18:43:04,180 INFO:src.extract.extract_data:File size: 40.27 MB
2026-01-31 18:43:04,180 INFO:src.extract.extract_data:Loading file into memory...
2026-01-31 18:43:05,736 INFO:src.extract.extract_data:
╔════════════════════════════════════════╗
║      EXTRACTION STATISTICS             ║
╠════════════════════════════════════════╣
║ File size:           40.27 MB    ║
║ Rows extracted:    554,641       ║
║ Columns:                10       ║
║ Encoding:            utf-8     ║
║ Duration:             1.56s     ║
║ Warnings:                0       ║
╚════════════════════════════════════════╝
2026-01-31 18:43:05,736 INFO:src.extract.extract_data:✓ Extraction successful in 1.56s
2026-01-31 18:43:05,736 INFO:__main__:Transforming...
2026-01-31 18:43:05,736 INFO:src.transform.transform_data:======================================================================
2026-01-31 18:43:05,736 INFO:src.transform.transform_data:TRANSFORMING DATA
2026-01-31 18:43:05,736 INFO:src.transform.transform_data:======================================================================
2026-01-31 18:43:05,737 INFO:src.transform.transform_data:✓ Normalized 10 column names
2026-01-31 18:43:07,144 INFO:src.transform.transform_data:
╔════════════════════════════════════════╗
║     TRANSFORMATION STATISTICS          ║
╠════════════════════════════════════════╣
║ Rows:      554,641 → 554,641   ║
║ Cols:      10 → 10        ║
║ Duplicates removed:          0   ║
║ Rows dropped:                0   ║
║ Type conversions:            0   ║
║ Duration:                  1.41s  ║
╚════════════════════════════════════════╝
2026-01-31 18:43:07,145 INFO:src.transform.transform_data:✓ Transformation complete in 1.41s

2026-01-31 18:43:07,145 INFO:__main__:Saving to data/processed/cars.csv...
2026-01-31 18:43:09,545 INFO:__main__:Saved 554641 rows
2026-01-31 18:43:09,546 INFO:__main__:✓ cars.csv processed successfully
2026-01-31 18:43:09,587 INFO:__main__:
============================================================
2026-01-31 18:43:09,587 INFO:__main__:Processing: dealers.csv
2026-01-31 18:43:09,587 INFO:__main__:============================================================
2026-01-31 18:43:09,587 INFO:__main__:[Attempt 1/3] Extracting...
2026-01-31 18:43:09,587 INFO:src.extract.extract_data:======================================================================
2026-01-31 18:43:09,588 INFO:src.extract.extract_data:EXTRACTING: dealers.csv
2026-01-31 18:43:09,588 INFO:src.extract.extract_data:======================================================================
2026-01-31 18:43:09,588 INFO:src.extract.extract_data:File size: 0.39 MB
2026-01-31 18:43:09,588 INFO:src.extract.extract_data:Loading file into memory...
2026-01-31 18:43:09,601 INFO:src.extract.extract_data:
╔════════════════════════════════════════╗
║      EXTRACTION STATISTICS             ║
╠════════════════════════════════════════╣
║ File size:            0.39 MB    ║
║ Rows extracted:     14,263       ║
║ Columns:                 2       ║
║ Encoding:            utf-8     ║
║ Duration:             0.01s     ║
║ Warnings:                0       ║
╚════════════════════════════════════════╝
2026-01-31 18:43:09,601 INFO:src.extract.extract_data:✓ Extraction successful in 0.01s
2026-01-31 18:43:09,602 INFO:__main__:Transforming...
2026-01-31 18:43:09,602 INFO:src.transform.transform_data:======================================================================
2026-01-31 18:43:09,602 INFO:src.transform.transform_data:TRANSFORMING DATA
2026-01-31 18:43:09,602 INFO:src.transform.transform_data:======================================================================
2026-01-31 18:43:09,602 INFO:src.transform.transform_data:✓ Normalized 2 column names
2026-01-31 18:43:09,614 INFO:src.transform.transform_data:
╔════════════════════════════════════════╗
║     TRANSFORMATION STATISTICS          ║
╠════════════════════════════════════════╣
║ Rows:      14,263 → 14,263   ║
║ Cols:      2 → 2        ║
║ Duplicates removed:          0   ║
║ Rows dropped:                0   ║
║ Type conversions:            0   ║
║ Duration:                  0.01s  ║
╚════════════════════════════════════════╝
2026-01-31 18:43:09,614 INFO:src.transform.transform_data:✓ Transformation complete in 0.01s

2026-01-31 18:43:09,614 INFO:__main__:Saving to data/processed/dealers.csv...
2026-01-31 18:43:09,635 INFO:__main__:Saved 14263 rows
2026-01-31 18:43:09,635 INFO:__main__:✓ dealers.csv processed successfully
2026-01-31 18:43:09,636 INFO:__main__:
============================================================
2026-01-31 18:43:09,636 INFO:__main__:Processing: sales.csv
2026-01-31 18:43:09,636 INFO:__main__:============================================================
2026-01-31 18:43:09,636 INFO:__main__:[Attempt 1/3] Extracting...
2026-01-31 18:43:09,637 INFO:src.extract.extract_data:======================================================================
2026-01-31 18:43:09,637 INFO:src.extract.extract_data:EXTRACTING: sales.csv
2026-01-31 18:43:09,637 INFO:src.extract.extract_data:======================================================================
2026-01-31 18:43:09,637 INFO:src.extract.extract_data:File size: 39.88 MB
2026-01-31 18:43:09,637 INFO:src.extract.extract_data:Loading file into memory...
2026-01-31 18:43:10,339 INFO:src.extract.extract_data:
╔════════════════════════════════════════╗
║      EXTRACTION STATISTICS             ║
╠════════════════════════════════════════╣
║ File size:           39.88 MB    ║
║ Rows extracted:    558,837       ║
║ Columns:                 9       ║
║ Encoding:            utf-8     ║
║ Duration:             0.70s     ║
║ Warnings:                0       ║
╚════════════════════════════════════════╝
2026-01-31 18:43:10,339 INFO:src.extract.extract_data:✓ Extraction successful in 0.70s
2026-01-31 18:43:10,340 INFO:__main__:Transforming...
2026-01-31 18:43:10,340 INFO:src.transform.transform_data:======================================================================
2026-01-31 18:43:10,340 INFO:src.transform.transform_data:TRANSFORMING DATA
2026-01-31 18:43:10,340 INFO:src.transform.transform_data:======================================================================
2026-01-31 18:43:10,340 INFO:src.transform.transform_data:✓ Normalized 9 column names
2026-01-31 18:43:10,969 INFO:src.transform.transform_data:
╔════════════════════════════════════════╗
║     TRANSFORMATION STATISTICS          ║
╠════════════════════════════════════════╣
║ Rows:      558,837 → 558,837   ║
║ Cols:      9 → 9        ║
║ Duplicates removed:          0   ║
║ Rows dropped:                0   ║
║ Type conversions:            0   ║
║ Duration:                  0.63s  ║
╚════════════════════════════════════════╝
2026-01-31 18:43:10,970 INFO:src.transform.transform_data:✓ Transformation complete in 0.63s

2026-01-31 18:43:10,970 INFO:__main__:Saving to data/processed/sales.csv...
2026-01-31 18:43:15,467 INFO:__main__:Saved 558837 rows
2026-01-31 18:43:15,468 INFO:__main__:✓ sales.csv processed successfully
2026-01-31 18:43:15,481 INFO:__main__:================================================================================
2026-01-31 18:43:15,481 INFO:__main__:PIPELINE EXECUTION STATISTICS
2026-01-31 18:43:15,481 INFO:__main__:Files processed: 4
2026-01-31 18:43:15,481 INFO:__main__:Files failed: 0
2026-01-31 18:43:15,481 INFO:__main__:Total rows extracted: 1686578
2026-01-31 18:43:15,481 INFO:__main__:Total rows transformed: 1686578
2026-01-31 18:43:15,481 INFO:__main__:Total rows loaded: 0
2026-01-31 18:43:15,482 INFO:__main__:================================================================================
2026-01-31 18:43:15,482 INFO:__main__:ETL PIPELINE COMPLETED in 22.7s
2026-01-31 18:43:15,482 INFO:__main__:================================================================================

2026-01-31 18:45:11,048 INFO:__main__:
================================================================================
2026-01-31 18:45:11,048 INFO:__main__:ETL PIPELINE STARTED: 2026-01-31T18:45:11.048229
2026-01-31 18:45:11,048 INFO:__main__:================================================================================

2026-01-31 18:45:11,049 INFO:__main__:Found 4 CSV file(s) to process:
2026-01-31 18:45:11,049 INFO:__main__:  - car_prices.csv
2026-01-31 18:45:11,049 INFO:__main__:  - cars.csv
2026-01-31 18:45:11,049 INFO:__main__:  - dealers.csv
2026-01-31 18:45:11,049 INFO:__main__:  - sales.csv
2026-01-31 18:45:11,049 INFO:__main__:
============================================================
2026-01-31 18:45:11,050 INFO:__main__:Processing: car_prices.csv
2026-01-31 18:45:11,050 INFO:__main__:============================================================
2026-01-31 18:45:11,050 INFO:__main__:[Attempt 1/3] Extracting...
2026-01-31 18:45:11,050 INFO:src.extract.extract_data:======================================================================
2026-01-31 18:45:11,050 INFO:src.extract.extract_data:EXTRACTING: car_prices.csv
2026-01-31 18:45:11,050 INFO:src.extract.extract_data:======================================================================
2026-01-31 18:45:11,050 INFO:src.extract.extract_data:File size: 83.97 MB
2026-01-31 18:45:11,050 INFO:src.extract.extract_data:Loading file into memory...
2026-01-31 18:45:13,251 INFO:src.extract.extract_data:
╔════════════════════════════════════════╗
║      EXTRACTION STATISTICS             ║
╠════════════════════════════════════════╣
║ File size:           83.97 MB    ║
║ Rows extracted:    558,837       ║
║ Columns:                16       ║
║ Encoding:            utf-8     ║
║ Duration:             2.20s     ║
║ Warnings:                0       ║
╚════════════════════════════════════════╝
2026-01-31 18:45:13,251 INFO:src.extract.extract_data:✓ Extraction successful in 2.20s
2026-01-31 18:45:13,251 INFO:__main__:Transforming...
2026-01-31 18:45:13,252 INFO:src.transform.transform_data:======================================================================
2026-01-31 18:45:13,252 INFO:src.transform.transform_data:TRANSFORMING DATA
2026-01-31 18:45:13,252 INFO:src.transform.transform_data:======================================================================
2026-01-31 18:45:13,252 INFO:src.transform.transform_data:✓ Normalized 16 column names
2026-01-31 18:45:15,609 INFO:src.transform.transform_data:
╔════════════════════════════════════════╗
║     TRANSFORMATION STATISTICS          ║
╠════════════════════════════════════════╣
║ Rows:      558,837 → 558,837   ║
║ Cols:      16 → 16        ║
║ Duplicates removed:          0   ║
║ Rows dropped:                0   ║
║ Type conversions:            0   ║
║ Duration:                  2.36s  ║
╚════════════════════════════════════════╝
2026-01-31 18:45:15,609 INFO:src.transform.transform_data:✓ Transformation complete in 2.36s

2026-01-31 18:45:15,609 INFO:__main__:Saving to data/processed/car_prices.csv...
2026-01-31 18:45:21,203 INFO:__main__:Saved 558837 rows
2026-01-31 18:45:21,203 INFO:__main__:Loading to database...
2026-01-31 18:45:21,203 INFO:src.load.load_to_db:======================================================================
2026-01-31 18:45:21,203 INFO:src.load.load_to_db:LOADING TO DATABASE: car_prices
2026-01-31 18:45:21,203 INFO:src.load.load_to_db:======================================================================
2026-01-31 18:45:21,203 INFO:src.load.load_to_db:Connecting to localhost:5432/etl_db...
2026-01-31 18:45:21,308 ERROR:src.load.load_to_db:Failed to connect to database: (psycopg2.OperationalError) connection to server at "localhost" (127.0.0.1), port 5432 failed: FATAL:  password authentication failed for user "postgres"
connection to server at "localhost" (127.0.0.1), port 5432 failed: FATAL:  password authentication failed for user "postgres"

(Background on this error at: https://sqlalche.me/e/20/e3q8)
2026-01-31 18:45:21,308 ERROR:src.load.load_to_db:Unexpected error loading to 'car_prices': Failed to connect to database: (psycopg2.OperationalError) connection to server at "localhost" (127.0.0.1), port 5432 failed: FATAL:  password authentication failed for user "postgres"
connection to server at "localhost" (127.0.0.1), port 5432 failed: FATAL:  password authentication failed for user "postgres"

(Background on this error at: https://sqlalche.me/e/20/e3q8)
2026-01-31 18:45:21,309 WARNING:__main__:Database load skipped: Unexpected error loading to 'car_prices': Failed to connect to database: (psycopg2.OperationalError) connection to server at "localhost" (127.0.0.1), port 5432 failed: FATAL:  password authentication failed for user "postgres"
connection to server at "localhost" (127.0.0.1), port 5432 failed: FATAL:  password authentication failed for user "postgres"

(Background on this error at: https://sqlalche.me/e/20/e3q8)
2026-01-31 18:45:21,309 INFO:__main__:✓ car_prices.csv processed successfully
2026-01-31 18:45:21,309 INFO:__main__:
============================================================
2026-01-31 18:45:21,309 INFO:__main__:Processing: cars.csv
2026-01-31 18:45:21,309 INFO:__main__:============================================================
2026-01-31 18:45:21,309 INFO:__main__:[Attempt 1/3] Extracting...
2026-01-31 18:45:21,310 INFO:src.extract.extract_data:======================================================================
2026-01-31 18:45:21,310 INFO:src.extract.extract_data:EXTRACTING: cars.csv
2026-01-31 18:45:21,310 INFO:src.extract.extract_data:======================================================================
2026-01-31 18:45:21,310 INFO:src.extract.extract_data:File size: 40.27 MB
2026-01-31 18:45:21,310 INFO:src.extract.extract_data:Loading file into memory...
2026-01-31 18:45:22,727 INFO:src.extract.extract_data:
╔════════════════════════════════════════╗
║      EXTRACTION STATISTICS             ║
╠════════════════════════════════════════╣
║ File size:           40.27 MB    ║
║ Rows extracted:    554,641       ║
║ Columns:                10       ║
║ Encoding:            utf-8     ║
║ Duration:             1.42s     ║
║ Warnings:                0       ║
╚════════════════════════════════════════╝
2026-01-31 18:45:22,727 INFO:src.extract.extract_data:✓ Extraction successful in 1.42s
2026-01-31 18:45:22,727 INFO:__main__:Transforming...
2026-01-31 18:45:22,727 INFO:src.transform.transform_data:======================================================================
2026-01-31 18:45:22,727 INFO:src.transform.transform_data:TRANSFORMING DATA
2026-01-31 18:45:22,727 INFO:src.transform.transform_data:======================================================================
2026-01-31 18:45:22,728 INFO:src.transform.transform_data:✓ Normalized 10 column names
2026-01-31 18:45:24,203 INFO:src.transform.transform_data:
╔════════════════════════════════════════╗
║     TRANSFORMATION STATISTICS          ║
╠════════════════════════════════════════╣
║ Rows:      554,641 → 554,641   ║
║ Cols:      10 → 10        ║
║ Duplicates removed:          0   ║
║ Rows dropped:                0   ║
║ Type conversions:            0   ║
║ Duration:                  1.48s  ║
╚════════════════════════════════════════╝
2026-01-31 18:45:24,204 INFO:src.transform.transform_data:✓ Transformation complete in 1.48s

2026-01-31 18:45:24,204 INFO:__main__:Saving to data/processed/cars.csv...
2026-01-31 18:45:26,557 INFO:__main__:Saved 554641 rows
2026-01-31 18:45:26,557 INFO:__main__:Loading to database...
2026-01-31 18:45:26,557 INFO:src.load.load_to_db:======================================================================
2026-01-31 18:45:26,557 INFO:src.load.load_to_db:LOADING TO DATABASE: cars
2026-01-31 18:45:26,557 INFO:src.load.load_to_db:======================================================================
2026-01-31 18:45:26,558 INFO:src.load.load_to_db:Connecting to localhost:5432/etl_db...
2026-01-31 18:45:26,591 ERROR:src.load.load_to_db:Failed to connect to database: (psycopg2.OperationalError) connection to server at "localhost" (127.0.0.1), port 5432 failed: FATAL:  password authentication failed for user "postgres"
connection to server at "localhost" (127.0.0.1), port 5432 failed: FATAL:  password authentication failed for user "postgres"

(Background on this error at: https://sqlalche.me/e/20/e3q8)
2026-01-31 18:45:26,592 ERROR:src.load.load_to_db:Unexpected error loading to 'cars': Failed to connect to database: (psycopg2.OperationalError) connection to server at "localhost" (127.0.0.1), port 5432 failed: FATAL:  password authentication failed for user "postgres"
connection to server at "localhost" (127.0.0.1), port 5432 failed: FATAL:  password authentication failed for user "postgres"

(Background on this error at: https://sqlalche.me/e/20/e3q8)
2026-01-31 18:45:26,592 WARNING:__main__:Database load skipped: Unexpected error loading to 'cars': Failed to connect to database: (psycopg2.OperationalError) connection to server at "localhost" (127.0.0.1), port 5432 failed: FATAL:  password authentication failed for user "postgres"
connection to server at "localhost" (127.0.0.1), port 5432 failed: FATAL:  password authentication failed for user "postgres"

(Background on this error at: https://sqlalche.me/e/20/e3q8)
2026-01-31 18:45:26,592 INFO:__main__:✓ cars.csv processed successfully
2026-01-31 18:45:26,592 INFO:__main__:
============================================================
2026-01-31 18:45:26,592 INFO:__main__:Processing: dealers.csv
2026-01-31 18:45:26,592 INFO:__main__:============================================================
2026-01-31 18:45:26,592 INFO:__main__:[Attempt 1/3] Extracting...
2026-01-31 18:45:26,593 INFO:src.extract.extract_data:======================================================================
2026-01-31 18:45:26,593 INFO:src.extract.extract_data:EXTRACTING: dealers.csv
2026-01-31 18:45:26,593 INFO:src.extract.extract_data:======================================================================
2026-01-31 18:45:26,593 INFO:src.extract.extract_data:File size: 0.39 MB
2026-01-31 18:45:26,593 INFO:src.extract.extract_data:Loading file into memory...
2026-01-31 18:45:26,644 INFO:src.extract.extract_data:
╔════════════════════════════════════════╗
║      EXTRACTION STATISTICS             ║
╠════════════════════════════════════════╣
║ File size:            0.39 MB    ║
║ Rows extracted:     14,263       ║
║ Columns:                 2       ║
║ Encoding:            utf-8     ║
║ Duration:             0.05s     ║
║ Warnings:                0       ║
╚════════════════════════════════════════╝
2026-01-31 18:45:26,644 INFO:src.extract.extract_data:✓ Extraction successful in 0.05s
2026-01-31 18:45:26,644 INFO:__main__:Transforming...
2026-01-31 18:45:26,644 INFO:src.transform.transform_data:======================================================================
2026-01-31 18:45:26,645 INFO:src.transform.transform_data:TRANSFORMING DATA
2026-01-31 18:45:26,645 INFO:src.transform.transform_data:======================================================================
2026-01-31 18:45:26,645 INFO:src.transform.transform_data:✓ Normalized 2 column names
2026-01-31 18:45:26,659 INFO:src.transform.transform_data:
╔════════════════════════════════════════╗
║     TRANSFORMATION STATISTICS          ║
╠════════════════════════════════════════╣
║ Rows:      14,263 → 14,263   ║
║ Cols:      2 → 2        ║
║ Duplicates removed:          0   ║
║ Rows dropped:                0   ║
║ Type conversions:            0   ║
║ Duration:                  0.01s  ║
╚════════════════════════════════════════╝
2026-01-31 18:45:26,660 INFO:src.transform.transform_data:✓ Transformation complete in 0.01s

2026-01-31 18:45:26,660 INFO:__main__:Saving to data/processed/dealers.csv...
2026-01-31 18:45:26,681 INFO:__main__:Saved 14263 rows
2026-01-31 18:45:26,681 INFO:__main__:Loading to database...
2026-01-31 18:45:26,681 INFO:src.load.load_to_db:======================================================================
2026-01-31 18:45:26,681 INFO:src.load.load_to_db:LOADING TO DATABASE: dealers
2026-01-31 18:45:26,681 INFO:src.load.load_to_db:======================================================================
2026-01-31 18:45:26,681 INFO:src.load.load_to_db:Connecting to localhost:5432/etl_db...
2026-01-31 18:45:26,712 ERROR:src.load.load_to_db:Failed to connect to database: (psycopg2.OperationalError) connection to server at "localhost" (127.0.0.1), port 5432 failed: FATAL:  password authentication failed for user "postgres"
connection to server at "localhost" (127.0.0.1), port 5432 failed: FATAL:  password authentication failed for user "postgres"

(Background on this error at: https://sqlalche.me/e/20/e3q8)
2026-01-31 18:45:26,713 ERROR:src.load.load_to_db:Unexpected error loading to 'dealers': Failed to connect to database: (psycopg2.OperationalError) connection to server at "localhost" (127.0.0.1), port 5432 failed: FATAL:  password authentication failed for user "postgres"
connection to server at "localhost" (127.0.0.1), port 5432 failed: FATAL:  password authentication failed for user "postgres"

(Background on this error at: https://sqlalche.me/e/20/e3q8)
2026-01-31 18:45:26,713 WARNING:__main__:Database load skipped: Unexpected error loading to 'dealers': Failed to connect to database: (psycopg2.OperationalError) connection to server at "localhost" (127.0.0.1), port 5432 failed: FATAL:  password authentication failed for user "postgres"
connection to server at "localhost" (127.0.0.1), port 5432 failed: FATAL:  password authentication failed for user "postgres"

(Background on this error at: https://sqlalche.me/e/20/e3q8)
2026-01-31 18:45:26,714 INFO:__main__:✓ dealers.csv processed successfully
2026-01-31 18:45:26,714 INFO:__main__:
============================================================
2026-01-31 18:45:26,714 INFO:__main__:Processing: sales.csv
2026-01-31 18:45:26,714 INFO:__main__:============================================================
2026-01-31 18:45:26,714 INFO:__main__:[Attempt 1/3] Extracting...
2026-01-31 18:45:26,714 INFO:src.extract.extract_data:======================================================================
2026-01-31 18:45:26,714 INFO:src.extract.extract_data:EXTRACTING: sales.csv
2026-01-31 18:45:26,714 INFO:src.extract.extract_data:======================================================================
2026-01-31 18:45:26,714 INFO:src.extract.extract_data:File size: 39.88 MB
2026-01-31 18:45:26,715 INFO:src.extract.extract_data:Loading file into memory...
2026-01-31 18:45:27,383 INFO:src.extract.extract_data:
╔════════════════════════════════════════╗
║      EXTRACTION STATISTICS             ║
╠════════════════════════════════════════╣
║ File size:           39.88 MB    ║
║ Rows extracted:    558,837       ║
║ Columns:                 9       ║
║ Encoding:            utf-8     ║
║ Duration:             0.67s     ║
║ Warnings:                0       ║
╚════════════════════════════════════════╝
2026-01-31 18:45:27,384 INFO:src.extract.extract_data:✓ Extraction successful in 0.67s
2026-01-31 18:45:27,384 INFO:__main__:Transforming...
2026-01-31 18:45:27,384 INFO:src.transform.transform_data:======================================================================
2026-01-31 18:45:27,384 INFO:src.transform.transform_data:TRANSFORMING DATA
2026-01-31 18:45:27,384 INFO:src.transform.transform_data:======================================================================
2026-01-31 18:45:27,385 INFO:src.transform.transform_data:✓ Normalized 9 column names
2026-01-31 18:45:28,040 INFO:src.transform.transform_data:
╔════════════════════════════════════════╗
║     TRANSFORMATION STATISTICS          ║
╠════════════════════════════════════════╣
║ Rows:      558,837 → 558,837   ║
║ Cols:      9 → 9        ║
║ Duplicates removed:          0   ║
║ Rows dropped:                0   ║
║ Type conversions:            0   ║
║ Duration:                  0.66s  ║
╚════════════════════════════════════════╝
2026-01-31 18:45:28,041 INFO:src.transform.transform_data:✓ Transformation complete in 0.66s

2026-01-31 18:45:28,041 INFO:__main__:Saving to data/processed/sales.csv...
2026-01-31 18:45:32,085 INFO:__main__:Saved 558837 rows
2026-01-31 18:45:32,085 INFO:__main__:Loading to database...
2026-01-31 18:45:32,085 INFO:src.load.load_to_db:======================================================================
2026-01-31 18:45:32,085 INFO:src.load.load_to_db:LOADING TO DATABASE: sales
2026-01-31 18:45:32,086 INFO:src.load.load_to_db:======================================================================
2026-01-31 18:45:32,086 INFO:src.load.load_to_db:Connecting to localhost:5432/etl_db...
2026-01-31 18:45:32,123 ERROR:src.load.load_to_db:Failed to connect to database: (psycopg2.OperationalError) connection to server at "localhost" (127.0.0.1), port 5432 failed: FATAL:  password authentication failed for user "postgres"
connection to server at "localhost" (127.0.0.1), port 5432 failed: FATAL:  password authentication failed for user "postgres"

(Background on this error at: https://sqlalche.me/e/20/e3q8)
2026-01-31 18:45:32,123 ERROR:src.load.load_to_db:Unexpected error loading to 'sales': Failed to connect to database: (psycopg2.OperationalError) connection to server at "localhost" (127.0.0.1), port 5432 failed: FATAL:  password authentication failed for user "postgres"
connection to server at "localhost" (127.0.0.1), port 5432 failed: FATAL:  password authentication failed for user "postgres"

(Background on this error at: https://sqlalche.me/e/20/e3q8)
2026-01-31 18:45:32,124 WARNING:__main__:Database load skipped: Unexpected error loading to 'sales': Failed to connect to database: (psycopg2.OperationalError) connection to server at "localhost" (127.0.0.1), port 5432 failed: FATAL:  password authentication failed for user "postgres"
connection to server at "localhost" (127.0.0.1), port 5432 failed: FATAL:  password authentication failed for user "postgres"

(Background on this error at: https://sqlalche.me/e/20/e3q8)
2026-01-31 18:45:32,124 INFO:__main__:✓ sales.csv processed successfully
2026-01-31 18:45:32,124 INFO:__main__:================================================================================
2026-01-31 18:45:32,124 INFO:__main__:PIPELINE EXECUTION STATISTICS
2026-01-31 18:45:32,124 INFO:__main__:Files processed: 4
2026-01-31 18:45:32,124 INFO:__main__:Files failed: 0
2026-01-31 18:45:32,124 INFO:__main__:Total rows extracted: 1686578
2026-01-31 18:45:32,124 INFO:__main__:Total rows transformed: 1686578
2026-01-31 18:45:32,124 INFO:__main__:Total rows loaded: 0
2026-01-31 18:45:32,124 INFO:__main__:================================================================================
2026-01-31 18:45:32,124 INFO:__main__:ETL PIPELINE COMPLETED in 21.1s
2026-01-31 18:45:32,124 INFO:__main__:================================================================================

2026-01-31 18:46:16,970 INFO:__main__:
================================================================================
2026-01-31 18:46:16,970 INFO:__main__:ETL PIPELINE STARTED: 2026-01-31T18:46:16.970166
2026-01-31 18:46:16,970 INFO:__main__:================================================================================

2026-01-31 18:46:16,971 INFO:__main__:Found 4 CSV file(s) to process:
2026-01-31 18:46:16,971 INFO:__main__:  - car_prices.csv
2026-01-31 18:46:16,971 INFO:__main__:  - cars.csv
2026-01-31 18:46:16,971 INFO:__main__:  - dealers.csv
2026-01-31 18:46:16,971 INFO:__main__:  - sales.csv
2026-01-31 18:46:16,971 INFO:__main__:
============================================================
2026-01-31 18:46:16,971 INFO:__main__:Processing: car_prices.csv
2026-01-31 18:46:16,971 INFO:__main__:============================================================
2026-01-31 18:46:16,971 INFO:__main__:[Attempt 1/3] Extracting...
2026-01-31 18:46:16,971 INFO:src.extract.extract_data:======================================================================
2026-01-31 18:46:16,971 INFO:src.extract.extract_data:EXTRACTING: car_prices.csv
2026-01-31 18:46:16,972 INFO:src.extract.extract_data:======================================================================
2026-01-31 18:46:16,972 INFO:src.extract.extract_data:File size: 83.97 MB
2026-01-31 18:46:16,972 INFO:src.extract.extract_data:Loading file into memory...
2026-01-31 18:46:19,320 INFO:src.extract.extract_data:
╔════════════════════════════════════════╗
║      EXTRACTION STATISTICS             ║
╠════════════════════════════════════════╣
║ File size:           83.97 MB    ║
║ Rows extracted:    558,837       ║
║ Columns:                16       ║
║ Encoding:            utf-8     ║
║ Duration:             2.35s     ║
║ Warnings:                0       ║
╚════════════════════════════════════════╝
2026-01-31 18:46:19,320 INFO:src.extract.extract_data:✓ Extraction successful in 2.35s
2026-01-31 18:46:19,320 INFO:__main__:Transforming...
2026-01-31 18:46:19,321 INFO:src.transform.transform_data:======================================================================
2026-01-31 18:46:19,321 INFO:src.transform.transform_data:TRANSFORMING DATA
2026-01-31 18:46:19,321 INFO:src.transform.transform_data:======================================================================
2026-01-31 18:46:19,321 INFO:src.transform.transform_data:✓ Normalized 16 column names
2026-01-31 18:46:21,829 INFO:src.transform.transform_data:
╔════════════════════════════════════════╗
║     TRANSFORMATION STATISTICS          ║
╠════════════════════════════════════════╣
║ Rows:      558,837 → 558,837   ║
║ Cols:      16 → 16        ║
║ Duplicates removed:          0   ║
║ Rows dropped:                0   ║
║ Type conversions:            0   ║
║ Duration:                  2.51s  ║
╚════════════════════════════════════════╝
2026-01-31 18:46:21,829 INFO:src.transform.transform_data:✓ Transformation complete in 2.51s

2026-01-31 18:46:21,829 INFO:__main__:Saving to data/processed/car_prices.csv...
2026-01-31 18:46:27,883 INFO:__main__:Saved 558837 rows
2026-01-31 18:46:27,883 INFO:__main__:Loading to database...
2026-01-31 18:46:27,883 INFO:src.load.load_to_db:======================================================================
2026-01-31 18:46:27,883 INFO:src.load.load_to_db:LOADING TO DATABASE: car_prices
2026-01-31 18:46:27,883 INFO:src.load.load_to_db:======================================================================
2026-01-31 18:46:27,883 INFO:src.load.load_to_db:Connecting to localhost:5432/etl_db...
2026-01-31 18:46:28,011 INFO:src.load.load_to_db:✓ Database connection successful
2026-01-31 18:46:28,033 INFO:src.load.load_to_db:Loading 558,837 rows (chunk size: 5000)...
2026-01-31 18:49:33,563 INFO:__main__:
================================================================================
2026-01-31 18:49:33,564 INFO:__main__:ETL PIPELINE STARTED: 2026-01-31T18:49:33.563711
2026-01-31 18:49:33,564 INFO:__main__:================================================================================

2026-01-31 18:49:33,564 INFO:__main__:Found 4 CSV file(s) to process:
2026-01-31 18:49:33,564 INFO:__main__:  - car_prices.csv
2026-01-31 18:49:33,565 INFO:__main__:  - cars.csv
2026-01-31 18:49:33,565 INFO:__main__:  - dealers.csv
2026-01-31 18:49:33,565 INFO:__main__:  - sales.csv
2026-01-31 18:49:33,565 INFO:__main__:
============================================================
2026-01-31 18:49:33,565 INFO:__main__:Processing: car_prices.csv
2026-01-31 18:49:33,565 INFO:__main__:============================================================
2026-01-31 18:49:33,565 INFO:__main__:[Attempt 1/3] Extracting...
2026-01-31 18:49:33,565 INFO:src.extract.extract_data:======================================================================
2026-01-31 18:49:33,565 INFO:src.extract.extract_data:EXTRACTING: car_prices.csv
2026-01-31 18:49:33,565 INFO:src.extract.extract_data:======================================================================
2026-01-31 18:49:33,565 INFO:src.extract.extract_data:File size: 83.97 MB
2026-01-31 18:49:33,565 INFO:src.extract.extract_data:Loading file into memory...
2026-01-31 18:49:35,872 INFO:src.extract.extract_data:
╔════════════════════════════════════════╗
║      EXTRACTION STATISTICS             ║
╠════════════════════════════════════════╣
║ File size:           83.97 MB    ║
║ Rows extracted:    558,837       ║
║ Columns:                16       ║
║ Encoding:            utf-8     ║
║ Duration:             2.31s     ║
║ Warnings:                0       ║
╚════════════════════════════════════════╝
2026-01-31 18:49:35,873 INFO:src.extract.extract_data:✓ Extraction successful in 2.31s
2026-01-31 18:49:35,873 INFO:__main__:Transforming...
2026-01-31 18:49:35,873 INFO:src.transform.transform_data:======================================================================
2026-01-31 18:49:35,873 INFO:src.transform.transform_data:TRANSFORMING DATA
2026-01-31 18:49:35,873 INFO:src.transform.transform_data:======================================================================
2026-01-31 18:49:35,874 INFO:src.transform.transform_data:✓ Normalized 16 column names
2026-01-31 18:49:38,438 INFO:src.transform.transform_data:
╔════════════════════════════════════════╗
║     TRANSFORMATION STATISTICS          ║
╠════════════════════════════════════════╣
║ Rows:      558,837 → 558,837   ║
║ Cols:      16 → 16        ║
║ Duplicates removed:          0   ║
║ Rows dropped:                0   ║
║ Type conversions:            0   ║
║ Duration:                  2.56s  ║
╚════════════════════════════════════════╝
2026-01-31 18:49:38,438 INFO:src.transform.transform_data:✓ Transformation complete in 2.56s

2026-01-31 18:49:38,438 INFO:__main__:Saving to data/processed/car_prices.csv...
2026-01-31 18:49:44,228 INFO:__main__:Saved 558837 rows
2026-01-31 18:49:44,229 INFO:__main__:Loading to database...
2026-01-31 18:49:44,229 INFO:src.load.load_to_db:======================================================================
2026-01-31 18:49:44,229 INFO:src.load.load_to_db:LOADING TO DATABASE: car_prices
2026-01-31 18:49:44,229 INFO:src.load.load_to_db:======================================================================
2026-01-31 18:49:44,229 INFO:src.load.load_to_db:Connecting to localhost:5432/etl_db...
2026-01-31 18:49:44,350 INFO:src.load.load_to_db:✓ Database connection successful
2026-01-31 18:49:44,364 INFO:src.load.load_to_db:Loading 558,837 rows (chunk size: 5000)...
2026-01-31 18:52:28,183 INFO:__main__:
================================================================================
2026-01-31 18:52:28,186 INFO:__main__:ETL PIPELINE STARTED: 2026-01-31T18:52:28.183908
2026-01-31 18:52:28,187 INFO:__main__:================================================================================

2026-01-31 18:52:28,189 INFO:__main__:Found 4 CSV file(s) to process:
2026-01-31 18:52:28,191 INFO:__main__:  - car_prices.csv
2026-01-31 18:52:28,191 INFO:__main__:  - cars.csv
2026-01-31 18:52:28,192 INFO:__main__:  - dealers.csv
2026-01-31 18:52:28,192 INFO:__main__:  - sales.csv
2026-01-31 18:52:28,192 INFO:__main__:
============================================================
2026-01-31 18:52:28,192 INFO:__main__:Processing: car_prices.csv
2026-01-31 18:52:28,192 INFO:__main__:============================================================
2026-01-31 18:52:28,192 INFO:__main__:[Attempt 1/3] Extracting...
2026-01-31 18:52:28,193 INFO:src.extract.extract_data:======================================================================
2026-01-31 18:52:28,193 INFO:src.extract.extract_data:EXTRACTING: car_prices.csv
2026-01-31 18:52:28,193 INFO:src.extract.extract_data:======================================================================
2026-01-31 18:52:28,193 INFO:src.extract.extract_data:File size: 83.97 MB
2026-01-31 18:52:28,193 INFO:src.extract.extract_data:Loading file into memory...
2026-01-31 18:52:30,424 INFO:src.extract.extract_data:
╔════════════════════════════════════════╗
║      EXTRACTION STATISTICS             ║
╠════════════════════════════════════════╣
║ File size:           83.97 MB    ║
║ Rows extracted:    558,837       ║
║ Columns:                16       ║
║ Encoding:            utf-8     ║
║ Duration:             2.23s     ║
║ Warnings:                0       ║
╚════════════════════════════════════════╝
2026-01-31 18:52:30,425 INFO:src.extract.extract_data:✓ Extraction successful in 2.23s
2026-01-31 18:52:30,425 INFO:__main__:Transforming...
2026-01-31 18:52:30,425 INFO:src.transform.transform_data:======================================================================
2026-01-31 18:52:30,425 INFO:src.transform.transform_data:TRANSFORMING DATA
2026-01-31 18:52:30,425 INFO:src.transform.transform_data:======================================================================
2026-01-31 18:52:30,426 INFO:src.transform.transform_data:✓ Normalized 16 column names
2026-01-31 18:52:32,800 INFO:src.transform.transform_data:
╔════════════════════════════════════════╗
║     TRANSFORMATION STATISTICS          ║
╠════════════════════════════════════════╣
║ Rows:      558,837 → 558,837   ║
║ Cols:      16 → 16        ║
║ Duplicates removed:          0   ║
║ Rows dropped:                0   ║
║ Type conversions:            0   ║
║ Duration:                  2.37s  ║
╚════════════════════════════════════════╝
2026-01-31 18:52:32,800 INFO:src.transform.transform_data:✓ Transformation complete in 2.37s

2026-01-31 18:52:32,800 INFO:__main__:Saving to data/processed/car_prices.csv...
2026-01-31 18:52:38,542 INFO:__main__:Saved 558837 rows
2026-01-31 18:52:38,542 INFO:__main__:Loading to database...
2026-01-31 18:52:38,543 INFO:src.load.load_to_db:======================================================================
2026-01-31 18:52:38,543 INFO:src.load.load_to_db:LOADING TO DATABASE: car_prices
2026-01-31 18:52:38,543 INFO:src.load.load_to_db:======================================================================
2026-01-31 18:52:38,543 INFO:src.load.load_to_db:Connecting to localhost:5432/etl_db...
2026-01-31 18:52:38,648 INFO:src.load.load_to_db:✓ Database connection successful
2026-01-31 18:52:38,659 INFO:src.load.load_to_db:Loading 558,837 rows (chunk size: 5000)...
2026-01-31 18:54:16,485 INFO:__main__:
================================================================================
2026-01-31 18:54:16,485 INFO:__main__:ETL PIPELINE STARTED: 2026-01-31T18:54:16.484952
2026-01-31 18:54:16,485 INFO:__main__:================================================================================

2026-01-31 18:54:16,486 INFO:__main__:Found 4 CSV file(s) to process:
2026-01-31 18:54:16,486 INFO:__main__:  - car_prices.csv
2026-01-31 18:54:16,486 INFO:__main__:  - cars.csv
2026-01-31 18:54:16,486 INFO:__main__:  - dealers.csv
2026-01-31 18:54:16,486 INFO:__main__:  - sales.csv
2026-01-31 18:54:16,486 INFO:__main__:
============================================================
2026-01-31 18:54:16,486 INFO:__main__:Processing: car_prices.csv
2026-01-31 18:54:16,486 INFO:__main__:============================================================
2026-01-31 18:54:16,486 INFO:__main__:[Attempt 1/3] Extracting...
2026-01-31 18:54:16,487 INFO:src.extract.extract_data:======================================================================
2026-01-31 18:54:16,487 INFO:src.extract.extract_data:EXTRACTING: car_prices.csv
2026-01-31 18:54:16,487 INFO:src.extract.extract_data:======================================================================
2026-01-31 18:54:16,487 INFO:src.extract.extract_data:File size: 83.97 MB
2026-01-31 18:54:16,487 INFO:src.extract.extract_data:Loading file into memory...
2026-01-31 18:54:18,594 INFO:src.extract.extract_data:
╔════════════════════════════════════════╗
║      EXTRACTION STATISTICS             ║
╠════════════════════════════════════════╣
║ File size:           83.97 MB    ║
║ Rows extracted:    558,837       ║
║ Columns:                16       ║
║ Encoding:            utf-8     ║
║ Duration:             2.11s     ║
║ Warnings:                0       ║
╚════════════════════════════════════════╝
2026-01-31 18:54:18,595 INFO:src.extract.extract_data:✓ Extraction successful in 2.11s
2026-01-31 18:54:18,595 INFO:__main__:Transforming...
2026-01-31 18:54:18,595 INFO:src.transform.transform_data:======================================================================
2026-01-31 18:54:18,595 INFO:src.transform.transform_data:TRANSFORMING DATA
2026-01-31 18:54:18,595 INFO:src.transform.transform_data:======================================================================
2026-01-31 18:54:18,596 INFO:src.transform.transform_data:✓ Normalized 16 column names
2026-01-31 18:54:20,854 INFO:src.transform.transform_data:
╔════════════════════════════════════════╗
║     TRANSFORMATION STATISTICS          ║
╠════════════════════════════════════════╣
║ Rows:      558,837 → 558,837   ║
║ Cols:      16 → 16        ║
║ Duplicates removed:          0   ║
║ Rows dropped:                0   ║
║ Type conversions:            0   ║
║ Duration:                  2.26s  ║
╚════════════════════════════════════════╝
2026-01-31 18:54:20,854 INFO:src.transform.transform_data:✓ Transformation complete in 2.26s

2026-01-31 18:54:20,855 INFO:__main__:Saving to data/processed/car_prices.csv...
2026-01-31 18:54:26,775 INFO:__main__:Saved 558837 rows
2026-01-31 18:54:26,775 INFO:__main__:Loading to database...
2026-01-31 18:54:26,775 INFO:src.load.load_to_db:======================================================================
2026-01-31 18:54:26,775 INFO:src.load.load_to_db:LOADING TO DATABASE: car_prices
2026-01-31 18:54:26,775 INFO:src.load.load_to_db:======================================================================
2026-01-31 18:54:26,775 INFO:src.load.load_to_db:Connecting to localhost:5432/etl_db...
2026-01-31 18:54:26,888 INFO:src.load.load_to_db:✓ Database connection successful
2026-01-31 18:54:26,899 INFO:src.load.load_to_db:Loading 558,837 rows (chunk size: 5000)...
